[debug] [2021-03-19T13:38:40.226Z] ----------------------------------------------------------------------
[debug] [2021-03-19T13:38:40.231Z] Command:       C:\Program Files\nodejs\node.exe C:\Users\Subham Singh\AppData\Roaming\npm\node_modules\firebase-tools\lib\bin\firebase.js init
[debug] [2021-03-19T13:38:40.232Z] CLI Version:   9.6.1
[debug] [2021-03-19T13:38:40.232Z] Platform:      win32
[debug] [2021-03-19T13:38:40.232Z] Node Version:  v14.15.0
[debug] [2021-03-19T13:38:40.234Z] Time:          Fri Mar 19 2021 19:08:40 GMT+0530 (India Standard Time)
[debug] [2021-03-19T13:38:40.234Z] ----------------------------------------------------------------------
[debug] [2021-03-19T13:38:40.235Z] 
[debug] [2021-03-19T13:38:40.240Z] >>> [apiv2][query] GET https://firebase-public.firebaseio.com/cli.json [none]
[debug] [2021-03-19T13:38:40.299Z] > command requires scopes: ["email","openid","https://www.googleapis.com/auth/cloudplatformprojects.readonly","https://www.googleapis.com/auth/firebase","https://www.googleapis.com/auth/cloud-platform"]
[debug] [2021-03-19T13:38:40.300Z] > authorizing via signed-in user
[info] 
     ######## #### ########  ######## ########     ###     ######  ########
     ##        ##  ##     ## ##       ##     ##  ##   ##  ##       ##
     ######    ##  ########  ######   ########  #########  ######  ######
     ##        ##  ##    ##  ##       ##     ## ##     ##       ## ##
     ##       #### ##     ## ######## ########  ##     ##  ######  ########

You're about to initialize a Firebase project in this directory:

  C:\Users\Subham Singh\Desktop\Elevate labs\fakebook

[debug] [2021-03-19T13:38:41.403Z] <<< [apiv2][status] GET https://firebase-public.firebaseio.com/cli.json 200
[debug] [2021-03-19T13:38:41.404Z] <<< [apiv2][body] GET https://firebase-public.firebaseio.com/cli.json {"cloudBuildErrorAfter":1594252800000,"cloudBuildWarnAfter":1590019200000,"defaultNode10After":1594252800000,"minVersion":"3.0.5","node8DeploysDisabledAfter":1613390400000,"node8RuntimeDisabledAfter":1615809600000,"node8WarnAfter":1600128000000}
